<?xml version="1.0" encoding="utf-8"?><testsuite errors="0" failures="0" name="pytest" skips="0" tests="16" time="59.459"><testcase classname="test_APPAllocationController.TestIntergratedInterface" file="test_APPAllocationController.py" line="107" name="test_root_org_app_allocation" time="14.919499635696411"></testcase><testcase classname="test_APPAllocationController.TestIntergratedInterface" file="test_APPAllocationController.py" line="123" name="test_middle_org_app_allocation" time="17.51449990272522"></testcase><testcase classname="test_APPAllocationController.TestIntergratedInterface" file="test_APPAllocationController.py" line="149" name="test_normal_org_app_allocation" time="18.26099991798401"></testcase><testcase classname="test_BIM.TestIntergratedInterface" file="test_BIM.py" line="104" name="test_BIM" time="1.3980000019073486"></testcase><testcase classname="test_CooperationTypeController.TestIntergratedInterface" file="test_CooperationTypeController.py" line="51" name="test_cooperation_controller" time="0.37350010871887207"></testcase><testcase classname="test_DangerFactorController.TestIntegratedInterface" file="test_DangerFactorController.py" line="46" name="test_danger_factor_controller" time="0.18650007247924805"></testcase><testcase classname="test_DangerLibController.TestIntergratedInterface" file="test_DangerLibController.py" line="97" name="test_danger_lib" time="0.2630002498626709"></testcase><testcase classname="test_DangerLibController.TestIntergratedInterface" file="test_DangerLibController.py" line="110" name="test_danger_lib_template" time="1.3515000343322754"></testcase><testcase classname="test_DangerTypeController.TestIntergratedInterface" file="test_DangerTypeController.py" line="51" name="test_danger_type_controller" time="0.2110002040863037"></testcase><testcase classname="test_GovernContractController.TestIntergratedInterface" file="test_GovernContractController.py" line="34" name="test_govern_contract_controller" time="0.18250012397766113"></testcase><testcase classname="test_GovernProjAttrController.TestGovernProjAttrController" file="test_GovernProjAttrController.py" line="22" name="test_Intergrated_interface" time="0.069000244140625"></testcase><testcase classname="test_MonitorController.TestIntergratedInterface" file="test_MonitorController.py" line="21" name="test_monitor_controller" time="0.06649971008300781"></testcase><testcase classname="test_OrgAuthNumController.TestOrgAuthNumController" file="test_OrgAuthNumController.py" line="26" name="test_Intergrated_interface" time="2.0204999446868896"></testcase><testcase classname="test_OrgController.TestOrgController" file="test_OrgController.py" line="12" name="test_Intergrated_interface" time="1.0249998569488525"></testcase><testcase classname="test_ProcessController.TestIntergratedInterface" file="test_ProcessController.py" line="544" name="test_process_template" time="0.3579998016357422"></testcase><testcase classname="test_ProcessController.TestIntergratedInterface" file="test_ProcessController.py" line="554" name="test_process_instance_management" time="0.8689999580383301"><system-err>WARNING:root:{&apos;code&apos;: 200, &apos;msg&apos;: &apos;success&apos;, &apos;success&apos;: True, &apos;result&apos;: {&apos;content&apos;: [{&apos;processCode&apos;: &apos;114572&apos;, &apos;processTemplate&apos;: &apos;生成实例用模板tUGS&apos;, &apos;status&apos;: &apos;in-progress&apos;, &apos;createUser&apos;: &apos;徐莘伟&apos;, &apos;createUserLeaveStatus&apos;: False, &apos;startDate&apos;: 1551861536000, &apos;endDate&apos;: None, &apos;currentNode&apos;: &apos;节点名称&apos;, &apos;isStartNode&apos;: False, &apos;currentApprovalUser&apos;: [{&apos;userName&apos;: &apos;徐莘伟&apos;, &apos;realName&apos;: &apos;徐莘伟&apos;, &apos;portraitUuid&apos;: None, &apos;isLeave&apos;: False}]}], &apos;totalElements&apos;: 1, &apos;totalPages&apos;: 1, &apos;last&apos;: True, &apos;size&apos;: 1000, &apos;number&apos;: 0, &apos;sort&apos;: [{&apos;direction&apos;: &apos;ASC&apos;, &apos;property&apos;: &apos;keyword&apos;, &apos;ignoreCase&apos;: False, &apos;nullHandling&apos;: &apos;NATIVE&apos;, &apos;descending&apos;: False, &apos;ascending&apos;: True}], &apos;first&apos;: True, &apos;numberOfElements&apos;: 1}}
</system-err></testcase></testsuite>