<?xml version="1.0" encoding="utf-8"?><testsuite errors="0" failures="0" name="pytest" skips="0" tests="13" time="15.519"><testcase classname="test_BimAdamin.Test_BimAdmin" file="test_BimAdamin.py" line="18" name="test_login[/login.htm-post-adminName=%E8%BF%90%E8%90%A5%E7%B3%BB%E7%BB%9F%E8%87%AA%E5%8A%A8%E5%8C%96&amp;password=c535782e3364128df9fad18a1d5d0c52]" time="0.15111136436462402"></testcase><testcase classname="test_BimAdamin.Test_BimAdmin" file="test_BimAdamin.py" line="28" name="test_queryUser[/LBAdmin/usermanager/getUserMessagePage.htm-post]" time="1.7627854347229004"></testcase><testcase classname="test_BimAdamin.Test_BimAdmin" file="test_BimAdamin.py" line="44" name="test_addUser[/LBAdmin/usermanager/batchAddLubanAccount.htm-post]" time="0.22518610954284668"></testcase><testcase classname="test_LoginBV.Test_BV" file="test_LoginBV.py" line="14" name="test_getMenu[/rs/bvm/routinginspectionpoint/enterprisersmarks-get]" time="6.814086437225342"><system-out>kkkkkk
http://bv.lubansoft.com
kkkkkk
http://bv.lubansoft.com
</system-out></testcase><testcase classname="test_domeCenter.Test_Center" file="test_domeCenter.py" line="21" name="test_nodes[/org/nodes-get]" time="1.286222219467163"><system-out>set
</system-out></testcase><testcase classname="test_domeCenter.Test_Center" file="test_domeCenter.py" line="34" name="test_findUsers[/userRest/findUsers-post]" time="3.514256238937378"></testcase><testcase classname="test_domeCenter.Test_Center" file="test_domeCenter.py" line="46" name="test_getAppAllocationPackageInfo[/appallocation/getAppAllocationPackageInfo-get]" time="0.10007596015930176"></testcase><testcase classname="test_domeCenter.Test_Center" file="test_domeCenter.py" line="59" name="test_getUserAuthPDSPackage[get]" time="0.049035072326660156"></testcase><testcase classname="test_domeCenter.Test_Center" file="test_domeCenter.py" line="73" name="test_findUserDeptInfo[get]" time="0.1671276092529297"></testcase><testcase classname="test_domeCenter.Test_Center" file="test_domeCenter.py" line="86" name="test_findUserProjectInfo[get]" time="0.032021284103393555"></testcase><testcase classname="test_domeCenter.Test_Center" file="test_domeCenter.py" line="98" name="test_findUserWorkSetInfo[get]" time="0.16812515258789062"></testcase><testcase classname="test_domeCenter.Test_Center" file="test_domeCenter.py" line="110" name="test_findUserGovernProjectInfo[get]" time="0.17813324928283691"></testcase><testcase classname="test_domeCenter.Test_Center" file="test_domeCenter.py" line="122" name="test_findUserDataDirectoryIds[get]" time="0.9794113636016846"></testcase></testsuite>